# Logfile created on 2014-04-12 18:04:46 -0300 by logger.rb/44203
I, [2014-04-12T18:04:46.815697 #3157]  INFO -- : 0:  i18n (0.6.9) from /Users/gvinici/.rvm/gems/ruby-2.1.0/specifications/i18n-0.6.9.gemspec
I, [2014-04-12T18:04:46.816064 #3157]  INFO -- : 0:  json (1.8.1) from /Users/gvinici/.rvm/rubies/ruby-2.1.0/lib/ruby/gems/2.1.0/specifications/default/json-1.8.1.gemspec
I, [2014-04-12T18:04:47.781433 #3157]  INFO -- : 0:  minitest (5.3.2) from /Users/gvinici/.rvm/gems/ruby-2.1.0/specifications/minitest-5.3.2.gemspec
I, [2014-04-12T18:04:48.620429 #3157]  INFO -- : 0:  thread_safe (0.3.3) from /Users/gvinici/.rvm/gems/ruby-2.1.0/specifications/thread_safe-0.3.3.gemspec
I, [2014-04-12T18:04:52.596335 #3157]  INFO -- : 0:  tzinfo (1.1.0) from /Users/gvinici/.rvm/gems/ruby-2.1.0/specifications/tzinfo-1.1.0.gemspec
I, [2014-04-12T18:04:55.090656 #3157]  INFO -- : 0:  activesupport (4.1.0) from /Users/gvinici/.rvm/gems/ruby-2.1.0/specifications/activesupport-4.1.0.gemspec
I, [2014-04-12T18:04:55.798428 #3157]  INFO -- : 0:  builder (3.2.2) from /Users/gvinici/.rvm/gems/ruby-2.1.0/specifications/builder-3.2.2.gemspec
I, [2014-04-12T18:04:56.678145 #3157]  INFO -- : 0:  activemodel (4.1.0) from /Users/gvinici/.rvm/gems/ruby-2.1.0/specifications/activemodel-4.1.0.gemspec
I, [2014-04-12T18:04:57.462712 #3157]  INFO -- : 0:  arel (5.0.0) from /Users/gvinici/.rvm/gems/ruby-2.1.0/specifications/arel-5.0.0.gemspec
I, [2014-04-12T18:05:01.470482 #3157]  INFO -- : 0:  activerecord (4.1.0) from /Users/gvinici/.rvm/gems/ruby-2.1.0/specifications/activerecord-4.1.0.gemspec
I, [2014-04-12T18:05:02.766887 #3157]  INFO -- : 0:  addressable (2.3.6) from /Users/gvinici/.rvm/gems/ruby-2.1.0/specifications/addressable-2.3.6.gemspec
I, [2014-04-12T18:05:03.425761 #3157]  INFO -- : 0:  data_objects (0.10.14) from /Users/gvinici/.rvm/gems/ruby-2.1.0/specifications/data_objects-0.10.14.gemspec
I, [2014-04-12T18:05:08.875416 #3157]  INFO -- : 0:  do_sqlite3 (0.10.14) from /Users/gvinici/.rvm/gems/ruby-2.1.0/specifications/do_sqlite3-0.10.14.gemspec
I, [2014-04-12T18:05:15.957771 #3157]  INFO -- : 0:  kgio (2.9.2) from /Users/gvinici/.rvm/gems/ruby-2.1.0/specifications/kgio-2.9.2.gemspec
I, [2014-04-12T18:05:15.958358 #3157]  INFO -- : 0:  rack (1.5.2) from /Users/gvinici/.rvm/gems/ruby-2.1.0/specifications/rack-1.5.2.gemspec
I, [2014-04-12T18:05:16.728750 #3157]  INFO -- : 0:  rack-protection (1.5.3) from /Users/gvinici/.rvm/gems/ruby-2.1.0/specifications/rack-protection-1.5.3.gemspec
I, [2014-04-12T18:05:19.574939 #3157]  INFO -- : 0:  raindrops (0.13.0) from /Users/gvinici/.rvm/gems/ruby-2.1.0/specifications/raindrops-0.13.0.gemspec
I, [2014-04-12T18:05:19.575456 #3157]  INFO -- : 0:  tilt (1.4.1) from /Users/gvinici/.rvm/gems/ruby-2.1.0/specifications/tilt-1.4.1.gemspec
I, [2014-04-12T18:05:21.726662 #3157]  INFO -- : 0:  sinatra (1.4.5) from /Users/gvinici/.rvm/gems/ruby-2.1.0/specifications/sinatra-1.4.5.gemspec
I, [2014-04-12T18:05:26.216470 #3157]  INFO -- : 0:  unicorn (4.8.2) from /Users/gvinici/.rvm/gems/ruby-2.1.0/specifications/unicorn-4.8.2.gemspec
I, [2014-04-12T18:05:26.217157 #3157]  INFO -- : 0:  bundler (1.5.1) from /Users/gvinici/.rvm/gems/ruby-2.1.0@global/specifications/bundler-1.5.1.gemspec
I, [2014-04-12T18:06:40.451549 #3745]  INFO -- : 0:  i18n (0.6.9) from /Users/gvinici/.rvm/gems/ruby-2.1.0/specifications/i18n-0.6.9.gemspec
I, [2014-04-12T18:06:40.452001 #3745]  INFO -- : 0:  json (1.8.1) from /Users/gvinici/.rvm/rubies/ruby-2.1.0/lib/ruby/gems/2.1.0/specifications/default/json-1.8.1.gemspec
I, [2014-04-12T18:06:40.452360 #3745]  INFO -- : 0:  minitest (5.3.2) from /Users/gvinici/.rvm/gems/ruby-2.1.0/specifications/minitest-5.3.2.gemspec
I, [2014-04-12T18:06:40.452675 #3745]  INFO -- : 0:  thread_safe (0.3.3) from /Users/gvinici/.rvm/gems/ruby-2.1.0/specifications/thread_safe-0.3.3.gemspec
I, [2014-04-12T18:06:40.452970 #3745]  INFO -- : 0:  tzinfo (1.1.0) from /Users/gvinici/.rvm/gems/ruby-2.1.0/specifications/tzinfo-1.1.0.gemspec
I, [2014-04-12T18:06:40.453302 #3745]  INFO -- : 0:  activesupport (4.1.0) from /Users/gvinici/.rvm/gems/ruby-2.1.0/specifications/activesupport-4.1.0.gemspec
I, [2014-04-12T18:06:40.453700 #3745]  INFO -- : 0:  builder (3.2.2) from /Users/gvinici/.rvm/gems/ruby-2.1.0/specifications/builder-3.2.2.gemspec
I, [2014-04-12T18:06:40.454009 #3745]  INFO -- : 0:  activemodel (4.1.0) from /Users/gvinici/.rvm/gems/ruby-2.1.0/specifications/activemodel-4.1.0.gemspec
I, [2014-04-12T18:06:40.454320 #3745]  INFO -- : 0:  arel (5.0.0) from /Users/gvinici/.rvm/gems/ruby-2.1.0/specifications/arel-5.0.0.gemspec
I, [2014-04-12T18:06:40.454654 #3745]  INFO -- : 0:  activerecord (4.1.0) from /Users/gvinici/.rvm/gems/ruby-2.1.0/specifications/activerecord-4.1.0.gemspec
I, [2014-04-12T18:06:40.454962 #3745]  INFO -- : 0:  kgio (2.9.2) from /Users/gvinici/.rvm/gems/ruby-2.1.0/specifications/kgio-2.9.2.gemspec
I, [2014-04-12T18:06:40.455313 #3745]  INFO -- : 0:  rack (1.5.2) from /Users/gvinici/.rvm/gems/ruby-2.1.0/specifications/rack-1.5.2.gemspec
I, [2014-04-12T18:06:40.455651 #3745]  INFO -- : 0:  rack-protection (1.5.3) from /Users/gvinici/.rvm/gems/ruby-2.1.0/specifications/rack-protection-1.5.3.gemspec
I, [2014-04-12T18:06:40.455969 #3745]  INFO -- : 0:  raindrops (0.13.0) from /Users/gvinici/.rvm/gems/ruby-2.1.0/specifications/raindrops-0.13.0.gemspec
I, [2014-04-12T18:06:40.456489 #3745]  INFO -- : 0:  tilt (1.4.1) from /Users/gvinici/.rvm/gems/ruby-2.1.0/specifications/tilt-1.4.1.gemspec
I, [2014-04-12T18:06:40.456817 #3745]  INFO -- : 0:  sinatra (1.4.5) from /Users/gvinici/.rvm/gems/ruby-2.1.0/specifications/sinatra-1.4.5.gemspec
I, [2014-04-12T18:06:44.701632 #3745]  INFO -- : 0:  sqlite3 (1.3.9) from /Users/gvinici/.rvm/gems/ruby-2.1.0/specifications/sqlite3-1.3.9.gemspec
I, [2014-04-12T18:06:44.702265 #3745]  INFO -- : 0:  unicorn (4.8.2) from /Users/gvinici/.rvm/gems/ruby-2.1.0/specifications/unicorn-4.8.2.gemspec
I, [2014-04-12T18:06:44.702646 #3745]  INFO -- : 0:  bundler (1.5.1) from /Users/gvinici/.rvm/gems/ruby-2.1.0@global/specifications/bundler-1.5.1.gemspec
